10/8/2014 3:22:19 PM: The process cannot access the file 'D:\Thtgiang\Novel data\Chúa Tể Chi Vương\Chủ tể chi vương.txt.part' because it is being used by another process.
System.IO.IOException
   at System.IO.__Error.WinIOError(Int32 errorCode, String maybeFullPath)
   at System.IO.FileStream.Init(String path, FileMode mode, FileAccess access, Int32 rights, Boolean useRights, FileShare share, Int32 bufferSize, FileOptions options, SECURITY_ATTRIBUTES secAttrs, String msgPath, Boolean bFromProxy)
   at System.IO.FileStream..ctor(String path, FileMode mode, FileAccess access, FileShare share, Int32 bufferSize, FileOptions options)
   at System.IO.StreamReader..ctor(String path, Encoding encoding, Boolean detectEncodingFromByteOrderMarks, Int32 bufferSize)
   at System.IO.StreamReader..ctor(String path, Encoding encoding)
   at System.IO.File.ReadAllText(String path, Encoding encoding)
   at QuickAnalyzer.MainForm.readFile(String filePath, Encoding encoding, Boolean needMarkChapterHeaders)
   at QuickAnalyzer.MainForm.readAllFiles(String[] files)
   at QuickAnalyzer.MainForm.RunCancelButtonClick(Object sender, EventArgs e)
   at System.Windows.Forms.Control.OnClick(EventArgs e)
   at System.Windows.Forms.Button.OnClick(EventArgs e)
   at System.Windows.Forms.Button.OnMouseUp(MouseEventArgs mevent)
   at System.Windows.Forms.Control.WmMouseUp(Message& m, MouseButtons button, Int32 clicks)
   at System.Windows.Forms.Control.WndProc(Message& m)
   at System.Windows.Forms.ButtonBase.WndProc(Message& m)
   at System.Windows.Forms.Button.WndProc(Message& m)
   at System.Windows.Forms.Control.ControlNativeWindow.OnMessage(Message& m)
   at System.Windows.Forms.Control.ControlNativeWindow.WndProc(Message& m)
   at System.Windows.Forms.NativeWindow.Callback(IntPtr hWnd, Int32 msg, IntPtr wparam, IntPtr lparam)
23/9/2014 5:30:59 PM: Index was outside the bounds of the array.
System.IndexOutOfRangeException
   at TranslatorEngine.TranslatorEngine.standardizeInputForBrowserWithoutRemovingIgnoredChinesePhrases(String original)
   at TranslatorEngine.TranslatorEngine.ChineseToVietPhraseForBrowser(String chinese, Int32 wrapType, Int32 translationAlgorithm, Boolean prioritizedName)
   at TranslatorEngine.TranslatorEngine.ChineseToVietPhraseForAnalyzer(String chinese, Int32 translationAlgorithm, Boolean prioritizedName)
   at QuickAnalyzer.MainForm.RunCancelButtonClick(Object sender, EventArgs e)
   at System.Windows.Forms.Control.OnClick(EventArgs e)
   at System.Windows.Forms.Button.OnClick(EventArgs e)
   at System.Windows.Forms.Button.OnMouseUp(MouseEventArgs mevent)
   at System.Windows.Forms.Control.WmMouseUp(Message& m, MouseButtons button, Int32 clicks)
   at System.Windows.Forms.Control.WndProc(Message& m)
   at System.Windows.Forms.ButtonBase.WndProc(Message& m)
   at System.Windows.Forms.Button.WndProc(Message& m)
   at System.Windows.Forms.Control.ControlNativeWindow.OnMessage(Message& m)
   at System.Windows.Forms.Control.ControlNativeWindow.WndProc(Message& m)
   at System.Windows.Forms.NativeWindow.Callback(IntPtr hWnd, Int32 msg, IntPtr wparam, IntPtr lparam)
23/9/2014 5:37:05 PM: Index was outside the bounds of the array.
System.IndexOutOfRangeException
   at TranslatorEngine.TranslatorEngine.standardizeInputForBrowserWithoutRemovingIgnoredChinesePhrases(String original)
   at TranslatorEngine.TranslatorEngine.ChineseToVietPhraseForBrowser(String chinese, Int32 wrapType, Int32 translationAlgorithm, Boolean prioritizedName)
   at TranslatorEngine.TranslatorEngine.ChineseToVietPhraseForAnalyzer(String chinese, Int32 translationAlgorithm, Boolean prioritizedName)
   at QuickAnalyzer.MainForm.RunCancelButtonClick(Object sender, EventArgs e)
   at System.Windows.Forms.Control.OnClick(EventArgs e)
   at System.Windows.Forms.Button.OnClick(EventArgs e)
   at System.Windows.Forms.Button.OnMouseUp(MouseEventArgs mevent)
   at System.Windows.Forms.Control.WmMouseUp(Message& m, MouseButtons button, Int32 clicks)
   at System.Windows.Forms.Control.WndProc(Message& m)
   at System.Windows.Forms.ButtonBase.WndProc(Message& m)
   at System.Windows.Forms.Button.WndProc(Message& m)
   at System.Windows.Forms.Control.ControlNativeWindow.OnMessage(Message& m)
   at System.Windows.Forms.Control.ControlNativeWindow.WndProc(Message& m)
   at System.Windows.Forms.NativeWindow.Callback(IntPtr hWnd, Int32 msg, IntPtr wparam, IntPtr lparam)
12/8/2015 9:19:27 PM: Index was outside the bounds of the array.
System.IndexOutOfRangeException
   at TranslatorEngine.TranslatorEngine.standardizeInputForBrowserWithoutRemovingIgnoredChinesePhrases(String original)
   at TranslatorEngine.TranslatorEngine.ChineseToVietPhraseForBrowser(String chinese, Int32 wrapType, Int32 translationAlgorithm, Boolean prioritizedName)
   at TranslatorEngine.TranslatorEngine.ChineseToVietPhraseForAnalyzer(String chinese, Int32 translationAlgorithm, Boolean prioritizedName)
   at QuickAnalyzer.MainForm.RunCancelButtonClick(Object sender, EventArgs e)
   at System.Windows.Forms.Control.OnClick(EventArgs e)
   at System.Windows.Forms.Button.OnClick(EventArgs e)
   at System.Windows.Forms.Button.OnMouseUp(MouseEventArgs mevent)
   at System.Windows.Forms.Control.WmMouseUp(Message& m, MouseButtons button, Int32 clicks)
   at System.Windows.Forms.Control.WndProc(Message& m)
   at System.Windows.Forms.ButtonBase.WndProc(Message& m)
   at System.Windows.Forms.Button.WndProc(Message& m)
   at System.Windows.Forms.Control.ControlNativeWindow.OnMessage(Message& m)
   at System.Windows.Forms.Control.ControlNativeWindow.WndProc(Message& m)
   at System.Windows.Forms.NativeWindow.Callback(IntPtr hWnd, Int32 msg, IntPtr wparam, IntPtr lparam)
12/8/2015 9:20:39 PM: Index was outside the bounds of the array.
System.IndexOutOfRangeException
   at TranslatorEngine.TranslatorEngine.standardizeInputForBrowserWithoutRemovingIgnoredChinesePhrases(String original)
   at TranslatorEngine.TranslatorEngine.ChineseToVietPhraseForBrowser(String chinese, Int32 wrapType, Int32 translationAlgorithm, Boolean prioritizedName)
   at TranslatorEngine.TranslatorEngine.ChineseToVietPhraseForAnalyzer(String chinese, Int32 translationAlgorithm, Boolean prioritizedName)
   at QuickAnalyzer.MainForm.RunCancelButtonClick(Object sender, EventArgs e)
   at System.Windows.Forms.Control.OnClick(EventArgs e)
   at System.Windows.Forms.Button.OnClick(EventArgs e)
   at System.Windows.Forms.Button.OnMouseUp(MouseEventArgs mevent)
   at System.Windows.Forms.Control.WmMouseUp(Message& m, MouseButtons button, Int32 clicks)
   at System.Windows.Forms.Control.WndProc(Message& m)
   at System.Windows.Forms.ButtonBase.WndProc(Message& m)
   at System.Windows.Forms.Button.WndProc(Message& m)
   at System.Windows.Forms.Control.ControlNativeWindow.OnMessage(Message& m)
   at System.Windows.Forms.Control.ControlNativeWindow.WndProc(Message& m)
   at System.Windows.Forms.NativeWindow.Callback(IntPtr hWnd, Int32 msg, IntPtr wparam, IntPtr lparam)
12/8/2015 9:24:21 PM: Index was outside the bounds of the array.
System.IndexOutOfRangeException
   at TranslatorEngine.TranslatorEngine.standardizeInputForBrowserWithoutRemovingIgnoredChinesePhrases(String original)
   at TranslatorEngine.TranslatorEngine.ChineseToVietPhraseForBrowser(String chinese, Int32 wrapType, Int32 translationAlgorithm, Boolean prioritizedName)
   at TranslatorEngine.TranslatorEngine.ChineseToVietPhraseForAnalyzer(String chinese, Int32 translationAlgorithm, Boolean prioritizedName)
   at QuickAnalyzer.MainForm.RunCancelButtonClick(Object sender, EventArgs e)
   at System.Windows.Forms.Control.OnClick(EventArgs e)
   at System.Windows.Forms.Button.OnClick(EventArgs e)
   at System.Windows.Forms.Button.OnMouseUp(MouseEventArgs mevent)
   at System.Windows.Forms.Control.WmMouseUp(Message& m, MouseButtons button, Int32 clicks)
   at System.Windows.Forms.Control.WndProc(Message& m)
   at System.Windows.Forms.ButtonBase.WndProc(Message& m)
   at System.Windows.Forms.Button.WndProc(Message& m)
   at System.Windows.Forms.Control.ControlNativeWindow.OnMessage(Message& m)
   at System.Windows.Forms.Control.ControlNativeWindow.WndProc(Message& m)
   at System.Windows.Forms.NativeWindow.Callback(IntPtr hWnd, Int32 msg, IntPtr wparam, IntPtr lparam)
